<?xml version="1.0" encoding="UTF-8"?>
<!-- Generated by org.testng.reporters.JUnitReportReporter -->
<testsuite hostname="DESKTOP-PEVCGOU" failures="0" tests="11" name="TestCases" time="4.787" errors="0" timestamp="2025-08-21T21:25:02 EET" skipped="10">
  <testcase classname="TestCases" name="TopAndRelod" time="4.787"/>
  <testcase classname="TestCases" name="Dynamic_Drop_Down">
    <skipped/>
  </testcase> <!-- Dynamic_Drop_Down -->
  <testcase classname="TestCases" name="alertandconfirm">
    <skipped/>
  </testcase> <!-- alertandconfirm -->
  <testcase classname="TestCases" name="checkbox">
    <skipped/>
  </testcase> <!-- checkbox -->
  <testcase classname="TestCases" name="HideAndShow">
    <skipped/>
  </testcase> <!-- HideAndShow -->
  <testcase classname="TestCases" name="opentab">
    <skipped/>
  </testcase> <!-- opentab -->
  <testcase classname="TestCases" name="Static_Drop_Down">
    <skipped/>
  </testcase> <!-- Static_Drop_Down -->
  <testcase classname="TestCases" name="openwindow">
    <skipped/>
  </testcase> <!-- openwindow -->
  <testcase classname="TestCases" name="RadioButton">
    <skipped/>
  </testcase> <!-- RadioButton -->
  <testcase classname="TestCases" name="EnableAndDisable">
    <skipped/>
  </testcase> <!-- EnableAndDisable -->
  <testcase classname="TestCases" name="TheTable">
    <skipped/>
  </testcase> <!-- TheTable -->
</testsuite> <!-- TestCases -->
