<?xml version="1.0" encoding="UTF-8"?>
<!-- Generated by org.testng.reporters.JUnitReportReporter -->
<testsuite hostname="DESKTOP-PEVCGOU" failures="0" tests="16" name="TestCases" time="14.674" errors="0" timestamp="2025-09-17T13:09:22 EET" skipped="11">
  <testcase classname="TestCases" name="AddData" time="0.020"/>
  <testcase classname="TestCases" name="UpdataData" time="0.005"/>
  <testcase classname="TestCases" name="Calaender" time="8.298"/>
  <testcase classname="TestCases" name="DeleteData" time="0.010"/>
  <testcase classname="TestCases" name="TakeAScreenShot" time="6.341"/>
  <testcase classname="TestCases" name="opentab">
    <skipped/>
  </testcase> <!-- opentab -->
  <testcase classname="TestCases" name="Dynamic_Drop_Down">
    <skipped/>
  </testcase> <!-- Dynamic_Drop_Down -->
  <testcase classname="TestCases" name="openwindow">
    <skipped/>
  </testcase> <!-- openwindow -->
  <testcase classname="TestCases" name="RadioButton">
    <skipped/>
  </testcase> <!-- RadioButton -->
  <testcase classname="TestCases" name="checkbox">
    <skipped/>
  </testcase> <!-- checkbox -->
  <testcase classname="TestCases" name="TheTable">
    <skipped/>
  </testcase> <!-- TheTable -->
  <testcase classname="TestCases" name="EnableAndDisable">
    <skipped/>
  </testcase> <!-- EnableAndDisable -->
  <testcase classname="TestCases" name="HideAndShow">
    <skipped/>
  </testcase> <!-- HideAndShow -->
  <testcase classname="TestCases" name="TopAndRelod">
    <skipped/>
  </testcase> <!-- TopAndRelod -->
  <testcase classname="TestCases" name="Static_Drop_Down">
    <skipped/>
  </testcase> <!-- Static_Drop_Down -->
  <testcase classname="TestCases" name="alertandconfirm">
    <skipped/>
  </testcase> <!-- alertandconfirm -->
</testsuite> <!-- TestCases -->
